\BOOKMARK [-1][-]{part.1}{\376\377\000I\000\040\000S\000e\000m\000e\000s\000t\000e\000r\000z\000u\000s\000a\000m\000m\000e\000n\000f\000a\000s\000s\000u\000n\000g}{}% 1
\BOOKMARK [0][-]{chapter.1}{\376\377\000V\000e\000k\000t\000o\000r\000e\000n}{part.1}% 2
\BOOKMARK [1][-]{section.1.1}{\376\377\000D\000e\000f\000i\000n\000i\000t\000i\000o\000n\000\040\000e\000i\000n\000e\000s\000\040\000V\000e\000k\000t\000o\000r\000s}{chapter.1}% 3
\BOOKMARK [0][-]{chapter.2}{\376\377\000V\000e\000k\000t\000o\000r\000r\000a\000u\000m}{part.1}% 4
\BOOKMARK [1][-]{section.2.1}{\376\377\000D\000e\000f\000i\000n\000i\000t\000i\000o\000n}{chapter.2}% 5
\BOOKMARK [0][-]{chapter.3}{\376\377\000L\000i\000n\000e\000a\000r\000e\000\040\000A\000b\000b\000i\000l\000d\000u\000n\000g\000e\000n}{part.1}% 6
\BOOKMARK [1][-]{section.3.1}{\376\377\000L\000i\000n\000e\000a\000r\000e\000\040\000A\000b\000b\000i\000l\000d\000u\000n\000g\000\040\000z\000w\000i\000s\000c\000h\000e\000n\000\040\000z\000w\000e\000i\000\040\000V\000e\000k\000t\000o\000r\000r\000\344\000u\000m\000e\000n}{chapter.3}% 7
\BOOKMARK [0][-]{chapter.4}{\376\377\000L\000i\000n\000e\000a\000r\000k\000o\000m\000b\000i\000n\000a\000t\000i\000o\000n\000e\000n}{part.1}% 8
\BOOKMARK [1][-]{section.4.1}{\376\377\000B\000e\000i\000s\000p\000i\000e\000l}{chapter.4}% 9
\BOOKMARK [-1][-]{part.2}{\376\377\000I\000I\000\040\000B\000o\000n\000u\000s\000t\000e\000s\000t\000e}{}% 10
\BOOKMARK [0][-]{chapter.5}{\376\377\000B\000o\000n\000u\000s\000t\000e\000s\000t\000\040\0001\000\040\000-\000\040\000R\000e\000c\000h\000n\000e\000n\000\040\000m\000i\000t\000\040\000V\000e\000k\000t\000o\000r\000e\000n}{part.2}% 11
\BOOKMARK [1][-]{section.5.1}{\376\377\000F\000r\000a\000g\000e\000\040\0001}{chapter.5}% 12
\BOOKMARK [1][-]{section.5.2}{\376\377\000F\000r\000a\000g\000e\000\040\0002}{chapter.5}% 13
\BOOKMARK [1][-]{section.5.3}{\376\377\000F\000r\000a\000g\000e\000\040\0003}{chapter.5}% 14
\BOOKMARK [2][-]{subsection.5.3.1}{\376\377\000a\000\051}{section.5.3}% 15
\BOOKMARK [2][-]{subsection.5.3.2}{\376\377\000b\000\051}{section.5.3}% 16
\BOOKMARK [1][-]{section.5.4}{\376\377\000F\000r\000a\000g\000e\000\040\0004}{chapter.5}% 17
\BOOKMARK [-1][-]{part.3}{\376\377\000I\000I\000I\000\040\000\334\000b\000u\000n\000g\000s\000a\000u\000f\000g\000a\000b\000e\000n\000\040\000L\000i\000n\000e\000a\000r\000e\000\040\000A\000l\000g\000e\000b\000r\000a}{}% 18
\BOOKMARK [0][-]{chapter.6}{\376\377\000\334\000b\000u\000n\000g\000s\000b\000l\000a\000t\000t\000\040\0005}{part.3}% 19
\BOOKMARK [1][-]{section.6.1}{\376\377\000A\000u\000f\000g\000a\000b\000e\000\040\0001}{chapter.6}% 20
\BOOKMARK [2][-]{subsection.6.1.1}{\376\377\000a}{section.6.1}% 21
\BOOKMARK [2][-]{subsection.6.1.2}{\376\377\000b}{section.6.1}% 22
\BOOKMARK [1][-]{section.6.2}{\376\377\000A\000u\000f\000g\000a\000b\000e\000\040\0002}{chapter.6}% 23
\BOOKMARK [2][-]{subsection.6.2.1}{\376\377\000a}{section.6.2}% 24
\BOOKMARK [2][-]{subsection.6.2.2}{\376\377\000b}{section.6.2}% 25
\BOOKMARK [1][-]{section.6.3}{\376\377\000A\000u\000f\000g\000a\000b\000e\000\040\0003}{chapter.6}% 26
\BOOKMARK [0][-]{chapter.7}{\376\377\000\334\000b\000u\000n\000g\000s\000b\000l\000a\000t\000t\000\040\0006}{part.3}% 27
\BOOKMARK [1][-]{section.7.1}{\376\377\000A\000u\000f\000g\000a\000b\000e\000\040\0001}{chapter.7}% 28
\BOOKMARK [2][-]{subsection.7.1.1}{\376\377\000a}{section.7.1}% 29
\BOOKMARK [2][-]{subsection.7.1.2}{\376\377\000b\000\051}{section.7.1}% 30
\BOOKMARK [2][-]{subsection.7.1.3}{\376\377\000c\000\051}{section.7.1}% 31
\BOOKMARK [1][-]{section.7.2}{\376\377\000A\000u\000f\000g\000a\000b\000e\000\040\0002}{chapter.7}% 32
\BOOKMARK [2][-]{subsection.7.2.1}{\376\377\000a\000\051}{section.7.2}% 33
\BOOKMARK [2][-]{subsection.7.2.2}{\376\377\000b\000\051}{section.7.2}% 34
\BOOKMARK [1][-]{section.7.3}{\376\377\000A\000u\000f\000g\000a\000b\000e\000\040\0003}{chapter.7}% 35
\BOOKMARK [0][-]{chapter.8}{\376\377\000\334\000b\000u\000n\000g\000s\000b\000l\000a\000t\000t\000\040\0007}{part.3}% 36
\BOOKMARK [1][-]{section.8.1}{\376\377\000A\000u\000f\000g\000a\000b\000e\000\040\0001}{chapter.8}% 37
\BOOKMARK [2][-]{subsection.8.1.1}{\376\377\000a}{section.8.1}% 38
\BOOKMARK [2][-]{subsection.8.1.2}{\376\377\000b}{section.8.1}% 39
\BOOKMARK [2][-]{subsection.8.1.3}{\376\377\000c}{section.8.1}% 40
\BOOKMARK [1][-]{section.8.2}{\376\377\000A\000u\000f\000g\000a\000b\000e\000\040\0002}{chapter.8}% 41
\BOOKMARK [2][-]{subsection.8.2.1}{\376\377\000a}{section.8.2}% 42
\BOOKMARK [2][-]{subsection.8.2.2}{\376\377\000b}{section.8.2}% 43
\BOOKMARK [2][-]{subsection.8.2.3}{\376\377\000c}{section.8.2}% 44
\BOOKMARK [2][-]{subsection.8.2.4}{\376\377\000d}{section.8.2}% 45
\BOOKMARK [1][-]{section.8.3}{\376\377\000A\000u\000f\000g\000a\000b\000e\000\040\0003}{chapter.8}% 46
\BOOKMARK [2][-]{subsection.8.3.1}{\376\377\000a}{section.8.3}% 47
\BOOKMARK [2][-]{subsection.8.3.2}{\376\377\000b}{section.8.3}% 48
\BOOKMARK [1][-]{section.8.4}{\376\377\000A\000u\000f\000g\000a\000b\000e\000\040\0004}{chapter.8}% 49
\BOOKMARK [2][-]{subsection.8.4.1}{\376\377\000a}{section.8.4}% 50
\BOOKMARK [2][-]{subsection.8.4.2}{\376\377\000b}{section.8.4}% 51
\BOOKMARK [0][-]{chapter.9}{\376\377\000\334\000b\000u\000n\000g\000s\000b\000l\000a\000t\000t\000\040\0008}{part.3}% 52
\BOOKMARK [1][-]{section.9.1}{\376\377\000A\000u\000f\000g\000a\000b\000e\000\040\0001}{chapter.9}% 53
\BOOKMARK [2][-]{subsection.9.1.1}{\376\377\000a}{section.9.1}% 54
\BOOKMARK [2][-]{subsection.9.1.2}{\376\377\000b}{section.9.1}% 55
\BOOKMARK [2][-]{subsection.9.1.3}{\376\377\000c}{section.9.1}% 56
\BOOKMARK [1][-]{section.9.2}{\376\377\000A\000u\000f\000g\000a\000b\000e\000\040\0002}{chapter.9}% 57
\BOOKMARK [2][-]{subsection.9.2.1}{\376\377\000a}{section.9.2}% 58
\BOOKMARK [2][-]{subsection.9.2.2}{\376\377\000b}{section.9.2}% 59
\BOOKMARK [2][-]{subsection.9.2.3}{\376\377\000c}{section.9.2}% 60
\BOOKMARK [1][-]{section.9.3}{\376\377\000A\000u\000f\000g\000a\000b\000e\000\040\0003}{chapter.9}% 61
\BOOKMARK [2][-]{subsection.9.3.1}{\376\377\000a}{section.9.3}% 62
\BOOKMARK [2][-]{subsection.9.3.2}{\376\377\000b}{section.9.3}% 63
\BOOKMARK [0][-]{chapter.10}{\376\377\000\334\000b\000u\000n\000g\000s\000b\000l\000a\000t\000t\000\040\0009}{part.3}% 64
\BOOKMARK [1][-]{section.10.1}{\376\377\000A\000u\000f\000g\000a\000b\000e\000\040\0001}{chapter.10}% 65
\BOOKMARK [2][-]{subsection.10.1.1}{\376\377\000a}{section.10.1}% 66
\BOOKMARK [2][-]{subsection.10.1.2}{\376\377\000b}{section.10.1}% 67
\BOOKMARK [1][-]{section.10.2}{\376\377\000A\000u\000f\000g\000a\000b\000e\000\040\0002\000\040\000-\000\040\000n\000i\000c\000h\000t\000\040\000k\000l\000a\000u\000s\000u\000r\000r\000e\000l\000e\000v\000a\000n\000t\000?}{chapter.10}% 68
\BOOKMARK [2][-]{subsection.10.2.1}{\376\377\000a}{section.10.2}% 69
\BOOKMARK [2][-]{subsection.10.2.2}{\376\377\000b}{section.10.2}% 70
\BOOKMARK [1][-]{section.10.3}{\376\377\000A\000u\000f\000g\000a\000b\000e\000\040\0003}{chapter.10}% 71
\BOOKMARK [2][-]{subsection.10.3.1}{\376\377\000a}{section.10.3}% 72
\BOOKMARK [2][-]{subsection.10.3.2}{\376\377\000b}{section.10.3}% 73
\BOOKMARK [2][-]{subsection.10.3.3}{\376\377\000c}{section.10.3}% 74
\BOOKMARK [0][-]{chapter.11}{\376\377\000\334\000b\000u\000n\000g\000s\000b\000l\000a\000t\000t\000\040\0001\0000}{part.3}% 75
\BOOKMARK [1][-]{section.11.1}{\376\377\000A\000u\000f\000g\000a\000b\000e\000\040\0001}{chapter.11}% 76
\BOOKMARK [2][-]{subsection.11.1.1}{\376\377\000a}{section.11.1}% 77
\BOOKMARK [2][-]{subsection.11.1.2}{\376\377\000b}{section.11.1}% 78
\BOOKMARK [2][-]{subsection.11.1.3}{\376\377\000c}{section.11.1}% 79
\BOOKMARK [2][-]{subsection.11.1.4}{\376\377\000d}{section.11.1}% 80
\BOOKMARK [1][-]{section.11.2}{\376\377\000b}{chapter.11}% 81
\BOOKMARK [2][-]{subsection.11.2.1}{\376\377\000a}{section.11.2}% 82
\BOOKMARK [2][-]{subsection.11.2.2}{\376\377\000b}{section.11.2}% 83
\BOOKMARK [1][-]{section.11.3}{\376\377\000A\000u\000f\000g\000a\000b\000e\000\040\0003}{chapter.11}% 84
\BOOKMARK [2][-]{subsection.11.3.1}{\376\377\000a}{section.11.3}% 85
\BOOKMARK [2][-]{subsection.11.3.2}{\376\377\000b}{section.11.3}% 86
\BOOKMARK [0][-]{chapter.12}{\376\377\000\334\000b\000u\000n\000g\000s\000b\000l\000a\000t\000t\000\040\0001\0001}{part.3}% 87
\BOOKMARK [1][-]{section.12.1}{\376\377\000A\000u\000f\000g\000a\000b\000e\000\040\0001}{chapter.12}% 88
\BOOKMARK [2][-]{subsection.12.1.1}{\376\377\000a}{section.12.1}% 89
\BOOKMARK [2][-]{subsection.12.1.2}{\376\377\000b}{section.12.1}% 90
\BOOKMARK [2][-]{subsection.12.1.3}{\376\377\000c}{section.12.1}% 91
\BOOKMARK [2][-]{subsection.12.1.4}{\376\377\000d}{section.12.1}% 92
\BOOKMARK [-1][-]{part.4}{\376\377\000I\000V\000\040\000\334\000b\000u\000n\000g\000s\000a\000u\000f\000g\000a\000b\000e\000n\000\040\000S\000t\000o\000c\000h\000a\000s\000t\000i\000k}{}% 93
\BOOKMARK [0][-]{chapter.13}{\376\377\000\334\000b\000u\000n\000g\000s\000b\000l\000a\000t\000t\000\040\0005}{part.4}% 94
\BOOKMARK [1][-]{section.13.1}{\376\377\000A\000u\000f\000g\000a\000b\000e\000\040\0001}{chapter.13}% 95
\BOOKMARK [2][-]{subsection.13.1.1}{\376\377\000a}{section.13.1}% 96
\BOOKMARK [2][-]{subsection.13.1.2}{\376\377\000b}{section.13.1}% 97
\BOOKMARK [1][-]{section.13.2}{\376\377\000A\000u\000f\000g\000a\000b\000e\000\040\0002}{chapter.13}% 98
\BOOKMARK [1][-]{section.13.3}{\376\377\000A\000u\000f\000g\000a\000b\000e\000\040\0003}{chapter.13}% 99
\BOOKMARK [2][-]{subsection.13.3.1}{\376\377\000a}{section.13.3}% 100
\BOOKMARK [2][-]{subsection.13.3.2}{\376\377\000b}{section.13.3}% 101
\BOOKMARK [2][-]{subsection.13.3.3}{\376\377\000c}{section.13.3}% 102
\BOOKMARK [0][-]{chapter.14}{\376\377\000\334\000b\000u\000n\000g\000s\000b\000l\000a\000t\000t\000\040\0006}{part.4}% 103
\BOOKMARK [1][-]{section.14.1}{\376\377\000A\000u\000f\000g\000a\000b\000e\000\040\0001}{chapter.14}% 104
\BOOKMARK [2][-]{subsection.14.1.1}{\376\377\000a}{section.14.1}% 105
\BOOKMARK [2][-]{subsection.14.1.2}{\376\377\000b}{section.14.1}% 106
\BOOKMARK [1][-]{section.14.2}{\376\377\000A\000u\000f\000g\000a\000b\000e\000\040\0002}{chapter.14}% 107
\BOOKMARK [2][-]{subsection.14.2.1}{\376\377\000a}{section.14.2}% 108
\BOOKMARK [2][-]{subsection.14.2.2}{\376\377\000b}{section.14.2}% 109
\BOOKMARK [2][-]{subsection.14.2.3}{\376\377\000c}{section.14.2}% 110
\BOOKMARK [0][-]{chapter.15}{\376\377\000\334\000b\000u\000n\000g\000s\000b\000l\000a\000t\000t\000\040\0007}{part.4}% 111
\BOOKMARK [1][-]{section.15.1}{\376\377\000A\000u\000f\000g\000a\000b\000e\000\040\0001}{chapter.15}% 112
\BOOKMARK [1][-]{section.15.2}{\376\377\000A\000u\000f\000g\000a\000b\000e\000\040\0002}{chapter.15}% 113
